ArPhy/app/build/outputs/logs/manifest-merger-debug-report.txt
-- Merging decision tree log ---
manifest
ADDED from src\main\AndroidManifest.xml:2:1-48:12
INJECTED from src\main\AndroidManifest.xml:2:1-48:12
INJECTED from src\main\AndroidManifest.xml:2:1-48:12
INJECTED from src\main\AndroidManifest.xml:2:1-48:12
MERGED from [:posenet] AndroidManifest.xml:2:1-11:12
MERGED from [com.android.support:design:28.0.0] AndroidManifest.xml:17:1-24:12
MERGED from [com.android.support:appcompat-v7:28.0.0] AndroidManifest.xml:17:1-22:12
MERGED from [androidx.constraintlayout:constraintlayout:1.1.3] AndroidManifest.xml:2:1-11:12
MERGED from [org.tensorflow:tensorflow-lite:2.0.0] AndroidManifest.xml:2:1-10:12
MERGED from [com.google.ar.sceneform.ux:sceneform-ux:1.15.0] AndroidManifest.xml:17:1-22:12
MERGED from [com.google.ar.sceneform:core:1.15.0] AndroidManifest.xml:2:1-7:12
MERGED from [com.google.ar.sceneform:rendering:1.15.0] AndroidManifest.xml:2:1-7:12
MERGED from [com.google.ar:core:1.15.0] AndroidManifest.xml:17:1-46:12
MERGED from [org.tensorflow:tensorflow-lite-gpu:2.0.0] AndroidManifest.xml:2:1-10:12
MERGED from [com.android.support:support-fragment:28.0.0] AndroidManifest.xml:17:1-22:12
MERGED from [com.android.support:animated-vector-drawable:28.0.0] AndroidManifest.xml:17:1-22:12
MERGED from [com.android.support:recyclerview-v7:28.0.0] AndroidManifest.xml:17:1-22:12
MERGED from [com.android.support:support-core-ui:28.0.0] AndroidManifest.xml:17:1-22:12
MERGED from [com.android.support:support-core-utils:28.0.0] AndroidManifest.xml:17:1-22:12
MERGED from [com.android.support:support-vector-drawable:28.0.0] AndroidManifest.xml:17:1-22:12
MERGED from [com.android.support:transition:28.0.0] AndroidManifest.xml:17:1-22:12
MERGED from [com.android.support:loader:28.0.0] AndroidManifest.xml:17:1-22:12
MERGED from [com.android.support:viewpager:28.0.0] AndroidManifest.xml:17:1-22:12
MERGED from [com.android.support:coordinatorlayout:28.0.0] AndroidManifest.xml:17:1-22:12
MERGED from [com.android.support:drawerlayout:28.0.0] AndroidManifest.xml:17:1-22:12
MERGED from [com.android.support:slidingpanelayout:28.0.0] AndroidManifest.xml:17:1-22:12
MERGED from [com.android.support:customview:28.0.0] AndroidManifest.xml:17:1-22:12
MERGED from [com.android.support:swiperefreshlayout:28.0.0] AndroidManifest.xml:17:1-22:12
MERGED from [com.android.support:asynclayoutinflater:28.0.0] AndroidManifest.xml:17:1-22:12
MERGED from [com.android.support:support-compat:28.0.0] AndroidManifest.xml:17:1-24:12
MERGED from [com.android.support:versionedparcelable:28.0.0] AndroidManifest.xml:17:1-25:12
MERGED from [com.android.support:cursoradapter:28.0.0] AndroidManifest.xml:17:1-22:12
MERGED from [com.android.support:cardview-v7:28.0.0] AndroidManifest.xml:17:1-22:12
MERGED from [android.arch.lifecycle:runtime:1.1.1] AndroidManifest.xml:17:1-22:12
MERGED from [com.android.support:documentfile:28.0.0] AndroidManifest.xml:17:1-22:12
MERGED from [com.android.support:localbroadcastmanager:28.0.0] AndroidManifest.xml:17:1-22:12
MERGED from [com.android.support:print:28.0.0] AndroidManifest.xml:17:1-22:12
MERGED from [android.arch.lifecycle:viewmodel:1.1.1] AndroidManifest.xml:17:1-22:12
MERGED from [com.android.support:interpolator:28.0.0] AndroidManifest.xml:17:1-22:12
MERGED from [android.arch.lifecycle:livedata:1.1.1] AndroidManifest.xml:17:1-22:12
MERGED from [android.arch.lifecycle:livedata-core:1.1.1] AndroidManifest.xml:17:1-22:12
MERGED from [android.arch.core:runtime:1.1.1] AndroidManifest.xml:17:1-22:12
MERGED from [com.google.ar.sceneform:sceneform-base:1.15.0] AndroidManifest.xml:2:1-7:12
MERGED from [com.google.ar.sceneform:filament-android:1.15.0] AndroidManifest.xml:2:1-11:12
INJECTED from src\main\AndroidManifest.xml:2:1-48:12
INJECTED from src\main\AndroidManifest.xml:2:1-48:12
INJECTED from src\main\AndroidManifest.xml:2:1-48:12
	package
		ADDED from src\main\AndroidManifest.xml:4:5-51
		INJECTED from src\main\AndroidManifest.xml
		INJECTED from src\main\AndroidManifest.xml
	android:versionName
		INJECTED from src\main\AndroidManifest.xml
		ADDED from src\main\AndroidManifest.xml:2:1-48:12
		INJECTED from src\main\AndroidManifest.xml
	xmlns:tools
		ADDED from src\main\AndroidManifest.xml:3:5-51
	android:versionCode
		INJECTED from src\main\AndroidManifest.xml
		ADDED from src\main\AndroidManifest.xml:2:1-48:12
		INJECTED from src\main\AndroidManifest.xml
	xmlns:android
		ADDED from src\main\AndroidManifest.xml:2:11-69
uses-permission#android.permission.CAMERA
ADDED from src\main\AndroidManifest.xml:6:3-63
	android:name
		ADDED from src\main\AndroidManifest.xml:6:20-60
uses-feature#android.hardware.camera
ADDED from src\main\AndroidManifest.xml:8:3-58
	android:name
		ADDED from src\main\AndroidManifest.xml:8:17-55
uses-feature#android.hardware.camera.autofocus
ADDED from src\main\AndroidManifest.xml:9:3-68
	android:name
		ADDED from src\main\AndroidManifest.xml:9:17-65
uses-sdk
ADDED from src\main\AndroidManifest.xml:11:3-15
INJECTED from src\main\AndroidManifest.xml:11:3-15
INJECTED from src\main\AndroidManifest.xml:11:3-15
MERGED from [:posenet] AndroidManifest.xml:7:5-9:41
MERGED from [:posenet] AndroidManifest.xml:7:5-9:41
MERGED from [com.android.support:design:28.0.0] AndroidManifest.xml:20:5-44
MERGED from [com.android.support:design:28.0.0] AndroidManifest.xml:20:5-44
MERGED from [com.android.support:appcompat-v7:28.0.0] AndroidManifest.xml:20:5-44
MERGED from [com.android.support:appcompat-v7:28.0.0] AndroidManifest.xml:20:5-44
MERGED from [androidx.constraintlayout:constraintlayout:1.1.3] AndroidManifest.xml:5:5-7:41
MERGED from [androidx.constraintlayout:constraintlayout:1.1.3] AndroidManifest.xml:5:5-7:41
MERGED from [org.tensorflow:tensorflow-lite:2.0.0] AndroidManifest.xml:5:5-6:41
MERGED from [org.tensorflow:tensorflow-lite:2.0.0] AndroidManifest.xml:5:5-6:41
MERGED from [com.google.ar.sceneform.ux:sceneform-ux:1.15.0] AndroidManifest.xml:20:5-44
MERGED from [com.google.ar.sceneform.ux:sceneform-ux:1.15.0] AndroidManifest.xml:20:5-44
MERGED from [com.google.ar.sceneform:core:1.15.0] AndroidManifest.xml:5:5-44
MERGED from [com.google.ar.sceneform:core:1.15.0] AndroidManifest.xml:5:5-44
MERGED from [com.google.ar.sceneform:rendering:1.15.0] AndroidManifest.xml:5:5-44
MERGED from [com.google.ar.sceneform:rendering:1.15.0] AndroidManifest.xml:5:5-44
MERGED from [com.google.ar:core:1.15.0] AndroidManifest.xml:26:5-28:41
MERGED from [com.google.ar:core:1.15.0] AndroidManifest.xml:26:5-28:41
MERGED from [org.tensorflow:tensorflow-lite-gpu:2.0.0] AndroidManifest.xml:5:5-6:41
MERGED from [org.tensorflow:tensorflow-lite-gpu:2.0.0] AndroidManifest.xml:5:5-6:41
MERGED from [com.android.support:support-fragment:28.0.0] AndroidManifest.xml:20:5-44
MERGED from [com.android.support:support-fragment:28.0.0] AndroidManifest.xml:20:5-44
MERGED from [com.android.support:animated-vector-drawable:28.0.0] AndroidManifest.xml:20:5-44
MERGED from [com.android.support:animated-vector-drawable:28.0.0] AndroidManifest.xml:20:5-44
MERGED from [com.android.support:recyclerview-v7:28.0.0] AndroidManifest.xml:20:5-44
MERGED from [com.android.support:recyclerview-v7:28.0.0] AndroidManifest.xml:20:5-44
MERGED from [com.android.support:support-core-ui:28.0.0] AndroidManifest.xml:20:5-44
MERGED from [com.android.support:support-core-ui:28.0.0] AndroidManifest.xml:20:5-44
MERGED from [com.android.support:support-core-utils:28.0.0] AndroidManifest.xml:20:5-44
MERGED from [com.android.support:support-core-utils:28.0.0] AndroidManifest.xml:20:5-44
MERGED from [com.android.support:support-vector-drawable:28.0.0] AndroidManifest.xml:20:5-44
MERGED from [com.android.support:support-vector-drawable:28.0.0] AndroidManifest.xml:20:5-44
MERGED from [com.android.support:transition:28.0.0] AndroidManifest.xml:20:5-44
MERGED from [com.android.support:transition:28.0.0] AndroidManifest.xml:20:5-44
MERGED from [com.android.support:loader:28.0.0] AndroidManifest.xml:20:5-44
MERGED from [com.android.support:loader:28.0.0] AndroidManifest.xml:20:5-44
MERGED from [com.android.support:viewpager:28.0.0] AndroidManifest.xml:20:5-44
MERGED from [com.android.support:viewpager:28.0.0] AndroidManifest.xml:20:5-44
MERGED from [com.android.support:coordinatorlayout:28.0.0] AndroidManifest.xml:20:5-44
MERGED from [com.android.support:coordinatorlayout:28.0.0] AndroidManifest.xml:20:5-44
MERGED from [com.android.support:drawerlayout:28.0.0] AndroidManifest.xml:20:5-44
MERGED from [com.android.support:drawerlayout:28.0.0] AndroidManifest.xml:20:5-44
MERGED from [com.android.support:slidingpanelayout:28.0.0] AndroidManifest.xml:20:5-44
MERGED from [com.android.support:slidingpanelayout:28.0.0] AndroidManifest.xml:20:5-44
MERGED from [com.android.support:customview:28.0.0] AndroidManifest.xml:20:5-44
MERGED from [com.android.support:customview:28.0.0] AndroidManifest.xml:20:5-44
MERGED from [com.android.support:swiperefreshlayout:28.0.0] AndroidManifest.xml:20:5-44
MERGED from [com.android.support:swiperefreshlayout:28.0.0] AndroidManifest.xml:20:5-44
MERGED from [com.android.support:asynclayoutinflater:28.0.0] AndroidManifest.xml:20:5-44
MERGED from [com.android.support:asynclayoutinflater:28.0.0] AndroidManifest.xml:20:5-44
MERGED from [com.android.support:support-compat:28.0.0] AndroidManifest.xml:20:5-44
MERGED from [com.android.support:support-compat:28.0.0] AndroidManifest.xml:20:5-44
MERGED from [com.android.support:versionedparcelable:28.0.0] AndroidManifest.xml:20:5-44
MERGED from [com.android.support:versionedparcelable:28.0.0] AndroidManifest.xml:20:5-44
MERGED from [com.android.support:cursoradapter:28.0.0] AndroidManifest.xml:20:5-44
MERGED from [com.android.support:cursoradapter:28.0.0] AndroidManifest.xml:20:5-44
MERGED from [com.android.support:cardview-v7:28.0.0] AndroidManifest.xml:20:5-44
MERGED from [com.android.support:cardview-v7:28.0.0] AndroidManifest.xml:20:5-44
MERGED from [android.arch.lifecycle:runtime:1.1.1] AndroidManifest.xml:20:5-44
MERGED from [android.arch.lifecycle:runtime:1.1.1] AndroidManifest.xml:20:5-44
MERGED from [com.android.support:documentfile:28.0.0] AndroidManifest.xml:20:5-44
MERGED from [com.android.support:documentfile:28.0.0] AndroidManifest.xml:20:5-44
MERGED from [com.android.support:localbroadcastmanager:28.0.0] AndroidManifest.xml:20:5-44
MERGED from [com.android.support:localbroadcastmanager:28.0.0] AndroidManifest.xml:20:5-44
MERGED from [com.android.support:print:28.0.0] AndroidManifest.xml:20:5-44
MERGED from [com.android.support:print:28.0.0] AndroidManifest.xml:20:5-44
MERGED from [android.arch.lifecycle:viewmodel:1.1.1] AndroidManifest.xml:20:5-44
MERGED from [android.arch.lifecycle:viewmodel:1.1.1] AndroidManifest.xml:20:5-44
MERGED from [com.android.support:interpolator:28.0.0] AndroidManifest.xml:20:5-44
MERGED from [com.android.support:interpolator:28.0.0] AndroidManifest.xml:20:5-44
MERGED from [android.arch.lifecycle:livedata:1.1.1] AndroidManifest.xml:20:5-44
MERGED from [android.arch.lifecycle:livedata:1.1.1] AndroidManifest.xml:20:5-44
MERGED from [android.arch.lifecycle:livedata-core:1.1.1] AndroidManifest.xml:20:5-44
MERGED from [android.arch.lifecycle:livedata-core:1.1.1] AndroidManifest.xml:20:5-44
MERGED from [android.arch.core:runtime:1.1.1] AndroidManifest.xml:20:5-44
MERGED from [android.arch.core:runtime:1.1.1] AndroidManifest.xml:20:5-44
MERGED from [com.google.ar.sceneform:sceneform-base:1.15.0] AndroidManifest.xml:5:5-44
MERGED from [com.google.ar.sceneform:sceneform-base:1.15.0] AndroidManifest.xml:5:5-44
MERGED from [com.google.ar.sceneform:filament-android:1.15.0] AndroidManifest.xml:7:5-9:41
MERGED from [com.google.ar.sceneform:filament-android:1.15.0] AndroidManifest.xml:7:5-9:41
INJECTED from src\main\AndroidManifest.xml:11:3-15
INJECTED from src\main\AndroidManifest.xml:11:3-15
	android:targetSdkVersion
		INJECTED from src\main\AndroidManifest.xml
		ADDED from src\main\AndroidManifest.xml:11:3-15
		INJECTED from src\main\AndroidManifest.xml
	android:minSdkVersion
		INJECTED from src\main\AndroidManifest.xml
		ADDED from src\main\AndroidManifest.xml:11:3-15
		MERGED from src\main\AndroidManifest.xml:11:3-15
		MERGED from src\main\AndroidManifest.xml:11:3-15
		INJECTED from src\main\AndroidManifest.xml
application
ADDED from src\main\AndroidManifest.xml:13:3-46:17
MERGED from [com.android.support:design:28.0.0] AndroidManifest.xml:22:5-20
MERGED from [com.android.support:design:28.0.0] AndroidManifest.xml:22:5-20
MERGED from [androidx.constraintlayout:constraintlayout:1.1.3] AndroidManifest.xml:9:5-20
MERGED from [androidx.constraintlayout:constraintlayout:1.1.3] AndroidManifest.xml:9:5-20
MERGED from [org.tensorflow:tensorflow-lite:2.0.0] AndroidManifest.xml:8:5-20
MERGED from [org.tensorflow:tensorflow-lite:2.0.0] AndroidManifest.xml:8:5-20
MERGED from [com.google.ar:core:1.15.0] AndroidManifest.xml:30:5-44:19
MERGED from [com.google.ar:core:1.15.0] AndroidManifest.xml:30:5-44:19
MERGED from [org.tensorflow:tensorflow-lite-gpu:2.0.0] AndroidManifest.xml:8:5-20
MERGED from [org.tensorflow:tensorflow-lite-gpu:2.0.0] AndroidManifest.xml:8:5-20
MERGED from [com.android.support:support-compat:28.0.0] AndroidManifest.xml:22:5-94
MERGED from [com.android.support:support-compat:28.0.0] AndroidManifest.xml:22:5-94
MERGED from [com.android.support:versionedparcelable:28.0.0] AndroidManifest.xml:22:5-23:19
MERGED from [com.android.support:versionedparcelable:28.0.0] AndroidManifest.xml:22:5-23:19
	android:appComponentFactory
		ADDED from [com.android.support:support-compat:28.0.0] AndroidManifest.xml:22:18-91
	android:supportsRtl
		ADDED from src\main\AndroidManifest.xml:18:7-33
	android:label
		ADDED from src\main\AndroidManifest.xml:16:7-46
	android:roundIcon
		ADDED from src\main\AndroidManifest.xml:17:7-52
	android:icon
		ADDED from src\main\AndroidManifest.xml:15:7-41
	android:allowBackup
		ADDED from src\main\AndroidManifest.xml:14:7-33
	android:theme
		ADDED from src\main\AndroidManifest.xml:19:7-46
activity#org.tensorflow.lite.examples.posenet.TestActivity
ADDED from src\main\AndroidManifest.xml:21:5-25:16
	android:label
		ADDED from src\main\AndroidManifest.xml:23:9-48
	android:exported
		ADDED from src\main\AndroidManifest.xml:24:9-32
	android:name
		ADDED from src\main\AndroidManifest.xml:22:9-37
activity#org.tensorflow.lite.examples.posenet.PosenetActivity
ADDED from src\main\AndroidManifest.xml:27:5-33:16
	android:screenOrientation
		ADDED from src\main\AndroidManifest.xml:30:9-46
	android:hardwareAccelerated
		ADDED from src\main\AndroidManifest.xml:29:9-43
	tools:ignore
		ADDED from src\main\AndroidManifest.xml:31:9-49
	android:theme
		ADDED from src\main\AndroidManifest.xml:32:9-43
	android:name
		ADDED from src\main\AndroidManifest.xml:28:9-40
activity#org.tensorflow.lite.examples.posenet.CameraActivity
ADDED from src\main\AndroidManifest.xml:35:5-44:16
	android:screenOrientation
		ADDED from src\main\AndroidManifest.xml:38:9-46
	android:hardwareAccelerated
		ADDED from src\main\AndroidManifest.xml:37:9-43
	android:exported
		ADDED from src\main\AndroidManifest.xml:36:9-32
	tools:ignore
		ADDED from src\main\AndroidManifest.xml:39:9-49
	android:name
		ADDED from src\main\AndroidManifest.xml:35:15-45
intent-filter#action:name:android.intent.action.MAIN+category:name:android.intent.category.LAUNCHER
ADDED from src\main\AndroidManifest.xml:40:7-43:23
action#android.intent.action.MAIN
ADDED from src\main\AndroidManifest.xml:41:9-60
	android:name
		ADDED from src\main\AndroidManifest.xml:41:17-58
category#android.intent.category.LAUNCHER
ADDED from src\main\AndroidManifest.xml:42:9-68
	android:name
		ADDED from src\main\AndroidManifest.xml:42:19-66
meta-data#com.google.ar.core
ADDED from src\main\AndroidManifest.xml:45:5-77
	android:value
		ADDED from src\main\AndroidManifest.xml:45:50-74
	android:name
		ADDED from src\main\AndroidManifest.xml:45:16-49
meta-data#com.google.ar.core.min_apk_version
ADDED from [com.google.ar:core:1.15.0] AndroidManifest.xml:33:9-35:41
	android:value
		ADDED from [com.google.ar:core:1.15.0] AndroidManifest.xml:35:13-38
	android:name
		ADDED from [com.google.ar:core:1.15.0] AndroidManifest.xml:34:13-62
activity#com.google.ar.core.InstallActivity
ADDED from [com.google.ar:core:1.15.0] AndroidManifest.xml:37:9-43:80
	android:excludeFromRecents
		ADDED from [com.google.ar:core:1.15.0] AndroidManifest.xml:40:13-46
	android:launchMode
		ADDED from [com.google.ar:core:1.15.0] AndroidManifest.xml:42:13-43
	android:exported
		ADDED from [com.google.ar:core:1.15.0] AndroidManifest.xml:41:13-37
	android:configChanges
		ADDED from [com.google.ar:core:1.15.0] AndroidManifest.xml:39:13-74
	android:theme
		ADDED from [com.google.ar:core:1.15.0] AndroidManifest.xml:43:13-77
	android:name
		ADDED from [com.google.ar:core:1.15.0] AndroidManifest.xml:38:13-62